# JRE version: 7.0_21-b11
# Java VM: Java HotSpot(TM) 64-Bit Server VM (23.21-b01 mixed mode windows-amd64 compressed oops)
Heap
 PSYoungGen      total 673344K, used 494059K [0x00000007d5560000, 0x0000000800000000, 0x0000000800000000)
  eden space 648768K, 76% used [0x00000007d5560000,0x00000007f37d2f60,0x00000007fcef0000)
  from space 24576K, 0% used [0x00000007fe640000,0x00000007fe648000,0x00000007ffe40000)
  to   space 23872K, 0% used [0x00000007fcef0000,0x00000007fcef0000,0x00000007fe640000)
 ParOldGen       total 86144K, used 41528K [0x0000000780000000, 0x0000000785420000, 0x00000007d5560000)
  object space 86144K, 48% used [0x0000000780000000,0x000000078288e128,0x0000000785420000)
 PSPermGen       total 49344K, used 24539K [0x000000077ae00000, 0x000000077de30000, 0x0000000780000000)
  object space 49344K, 49% used [0x000000077ae00000,0x000000077c5f6d90,0x000000077de30000)
GC Heap History (10 events):
Event: 1793.372 GC heap before
{Heap before GC invocations=19 (full 0):
 PSYoungGen      total 673024K, used 86296K [0x00000007d5560000, 0x0000000800000000, 0x0000000800000000)
  eden space 647040K, 13% used [0x00000007d5560000,0x00000007da996210,0x00000007fcd40000)
  from space 25984K, 0% used [0x00000007fe6a0000,0x00000007fe6b0000,0x0000000800000000)
  to   space 25984K, 0% used [0x00000007fcd40000,0x00000007fcd40000,0x00000007fe6a0000)
 ParOldGen       total 87424K, used 57474K [0x0000000780000000, 0x0000000785560000, 0x00000007d5560000)
  object space 87424K, 65% used [0x0000000780000000,0x00000007838208e0,0x0000000785560000)
 PSPermGen       total 24704K, used 24529K [0x000000077ae00000, 0x000000077c620000, 0x0000000780000000)
  object space 24704K, 99% used [0x000000077ae00000,0x000000077c5f4638,0x000000077c620000)
Event: 1794.055 GC heap after
Heap after GC invocations=19 (full 0):
 PSYoungGen      total 647104K, used 32K [0x00000007d5560000, 0x00000007fff80000, 0x0000000800000000)
  eden space 647040K, 0% used [0x00000007d5560000,0x00000007d5560000,0x00000007fcd40000)
  from space 64K, 50% used [0x00000007fcd40000,0x00000007fcd48000,0x00000007fcd50000)
  to   space 25728K, 0% used [0x00000007fe660000,0x00000007fe660000,0x00000007fff80000)
 ParOldGen       total 87424K, used 57482K [0x0000000780000000, 0x0000000785560000, 0x00000007d5560000)
  object space 87424K, 65% used [0x0000000780000000,0x00000007838228e0,0x0000000785560000)
 PSPermGen       total 24704K, used 24529K [0x000000077ae00000, 0x000000077c620000, 0x0000000780000000)
  object space 24704K, 99% used [0x000000077ae00000,0x000000077c5f4638,0x000000077c620000)
}
Event: 1794.055 GC heap before
{Heap before GC invocations=20 (full 1):
 PSYoungGen      total 647104K, used 32K [0x00000007d5560000, 0x00000007fff80000, 0x0000000800000000)
  eden space 647040K, 0% used [0x00000007d5560000,0x00000007d5560000,0x00000007fcd40000)
  from space 64K, 50% used [0x00000007fcd40000,0x00000007fcd48000,0x00000007fcd50000)
  to   space 25728K, 0% used [0x00000007fe660000,0x00000007fe660000,0x00000007fff80000)
 ParOldGen       total 87424K, used 57482K [0x0000000780000000, 0x0000000785560000, 0x00000007d5560000)
  object space 87424K, 65% used [0x0000000780000000,0x00000007838228e0,0x0000000785560000)
 PSPermGen       total 24704K, used 24529K [0x000000077ae00000, 0x000000077c620000, 0x0000000780000000)
  object space 24704K, 99% used [0x000000077ae00000,0x000000077c5f4638,0x000000077c620000)
Event: 1794.289 GC heap after
Heap after GC invocations=20 (full 1):
 PSYoungGen      total 647104K, used 0K [0x00000007d5560000, 0x00000007fff80000, 0x0000000800000000)
  eden space 647040K, 0% used [0x00000007d5560000,0x00000007d5560000,0x00000007fcd40000)
  from space 64K, 0% used [0x00000007fcd40000,0x00000007fcd40000,0x00000007fcd50000)
  to   space 25728K, 0% used [0x00000007fe660000,0x00000007fe660000,0x00000007fff80000)
 ParOldGen       total 86144K, used 41488K [0x0000000780000000, 0x0000000785420000, 0x00000007d5560000)
  object space 86144K, 48% used [0x0000000780000000,0x0000000782884128,0x0000000785420000)
 PSPermGen       total 49344K, used 24524K [0x000000077ae00000, 0x000000077de30000, 0x0000000780000000)
  object space 49344K, 49% used [0x000000077ae00000,0x000000077c5f30b8,0x000000077de30000)
}
Event: 1804.513 GC heap before
{Heap before GC invocations=21 (full 1):
 PSYoungGen      total 647104K, used 647040K [0x00000007d5560000, 0x00000007fff80000, 0x0000000800000000)
  eden space 647040K, 100% used [0x00000007d5560000,0x00000007fcd40000,0x00000007fcd40000)
  from space 64K, 0% used [0x00000007fcd40000,0x00000007fcd40000,0x00000007fcd50000)
  to   space 25728K, 0% used [0x00000007fe660000,0x00000007fe660000,0x00000007fff80000)
 ParOldGen       total 86144K, used 41488K [0x0000000780000000, 0x0000000785420000, 0x00000007d5560000)
  object space 86144K, 48% used [0x0000000780000000,0x0000000782884128,0x0000000785420000)
 PSPermGen       total 49344K, used 24524K [0x000000077ae00000, 0x000000077de30000, 0x0000000780000000)
  object space 49344K, 49% used [0x000000077ae00000,0x000000077c5f30d8,0x000000077de30000)
Event: 1804.653 GC heap after
Heap after GC invocations=21 (full 1):
 PSYoungGen      total 673280K, used 96K [0x00000007d5560000, 0x0000000800000000, 0x0000000800000000)
  eden space 647552K, 0% used [0x00000007d5560000,0x00000007d5560000,0x00000007fcdc0000)
  from space 25728K, 0% used [0x00000007fe660000,0x00000007fe678000,0x00000007fff80000)
  to   space 25216K, 0% used [0x00000007fcdc0000,0x00000007fcdc0000,0x00000007fe660000)
 ParOldGen       total 86144K, used 41488K [0x0000000780000000, 0x0000000785420000, 0x00000007d5560000)
  object space 86144K, 48% used [0x0000000780000000,0x0000000782884128,0x0000000785420000)
 PSPermGen       total 49344K, used 24524K [0x000000077ae00000, 0x000000077de30000, 0x0000000780000000)
  object space 49344K, 49% used [0x000000077ae00000,0x000000077c5f30d8,0x000000077de30000)
}
Event: 1813.655 GC heap before
{Heap before GC invocations=22 (full 1):
 PSYoungGen      total 673280K, used 647648K [0x00000007d5560000, 0x0000000800000000, 0x0000000800000000)
  eden space 647552K, 100% used [0x00000007d5560000,0x00000007fcdc0000,0x00000007fcdc0000)
  from space 25728K, 0% used [0x00000007fe660000,0x00000007fe678000,0x00000007fff80000)
  to   space 25216K, 0% used [0x00000007fcdc0000,0x00000007fcdc0000,0x00000007fe660000)
 ParOldGen       total 86144K, used 41488K [0x0000000780000000, 0x0000000785420000, 0x00000007d5560000)
  object space 86144K, 48% used [0x0000000780000000,0x0000000782884128,0x0000000785420000)
 PSPermGen       total 49344K, used 24524K [0x000000077ae00000, 0x000000077de30000, 0x0000000780000000)
  object space 49344K, 49% used [0x000000077ae00000,0x000000077c5f30d8,0x000000077de30000)
Event: 1813.703 GC heap after
Heap after GC invocations=22 (full 1):
 PSYoungGen      total 647616K, used 32K [0x00000007d5560000, 0x00000007ffe40000, 0x0000000800000000)
  eden space 647552K, 0% used [0x00000007d5560000,0x00000007d5560000,0x00000007fcdc0000)
  from space 64K, 50% used [0x00000007fcdc0000,0x00000007fcdc8000,0x00000007fcdd0000)
  to   space 24576K, 0% used [0x00000007fe640000,0x00000007fe640000,0x00000007ffe40000)
 ParOldGen       total 86144K, used 41528K [0x0000000780000000, 0x0000000785420000, 0x00000007d5560000)
  object space 86144K, 48% used [0x0000000780000000,0x000000078288e128,0x0000000785420000)
 PSPermGen       total 49344K, used 24524K [0x000000077ae00000, 0x000000077de30000, 0x0000000780000000)
  object space 49344K, 49% used [0x000000077ae00000,0x000000077c5f30d8,0x000000077de30000)
}
Event: 1988.176 GC heap before
{Heap before GC invocations=23 (full 1):
 PSYoungGen      total 647616K, used 647584K [0x00000007d5560000, 0x00000007ffe40000, 0x0000000800000000)
  eden space 647552K, 100% used [0x00000007d5560000,0x00000007fcdc0000,0x00000007fcdc0000)
  from space 64K, 50% used [0x00000007fcdc0000,0x00000007fcdc8000,0x00000007fcdd0000)
  to   space 24576K, 0% used [0x00000007fe640000,0x00000007fe640000,0x00000007ffe40000)
 ParOldGen       total 86144K, used 41528K [0x0000000780000000, 0x0000000785420000, 0x00000007d5560000)
  object space 86144K, 48% used [0x0000000780000000,0x000000078288e128,0x0000000785420000)
 PSPermGen       total 49344K, used 24539K [0x000000077ae00000, 0x000000077de30000, 0x0000000780000000)
  object space 49344K, 49% used [0x000000077ae00000,0x000000077c5f6c08,0x000000077de30000)
Event: 1989.854 GC heap after
Heap after GC invocations=23 (full 1):
 PSYoungGen      total 673344K, used 32K [0x00000007d5560000, 0x0000000800000000, 0x0000000800000000)
  eden space 648768K, 0% used [0x00000007d5560000,0x00000007d5560000,0x00000007fcef0000)
  from space 24576K, 0% used [0x00000007fe640000,0x00000007fe648000,0x00000007ffe40000)
  to   space 23872K, 0% used [0x00000007fcef0000,0x00000007fcef0000,0x00000007fe640000)
 ParOldGen       total 86144K, used 41528K [0x0000000780000000, 0x0000000785420000, 0x00000007d5560000)
  object space 86144K, 48% used [0x0000000780000000,0x000000078288e128,0x0000000785420000)
 PSPermGen       total 49344K, used 24539K [0x000000077ae00000, 0x000000077de30000, 0x0000000780000000)
  object space 49344K, 49% used [0x000000077ae00000,0x000000077c5f6c08,0x000000077de30000)
}

